<?xml version="1.0" encoding="UTF-8"?>
<!-- Generated by org.testng.reporters.JUnitXMLReporter -->
<testsuite ignored="0" hostname="I22172" failures="8" tests="11" name="Surefire test" time="54.985" errors="0" timestamp="2025-06-17T19:34:26 IST">
  <testcase classname="com.idrx.qa.testcases.VehicleStocksTest" name="vehicleQtyTest" time="4.049"/>
  <testcase classname="com.idrx.qa.testcases.VehicleStocksTest" name="getTotalStockValueTest" time="2.301">
    <failure type="java.lang.AssertionError" message="Stock Value expected [33.20 Cr] but found [₹ 33.20 Cr]">
      <![CDATA[java.lang.AssertionError: Stock Value expected [33.20 Cr] but found [₹ 33.20 Cr]
at com.idrx.qa.util.TestUtil.assertEquals(TestUtil.java:89)
at com.idrx.qa.testcases.VehicleStocksTest.getTotalStockValueTest(VehicleStocksTest.java:52)
at java.base/java.util.ArrayList.forEach(ArrayList.java:1596)
... Removed 34 stack frames]]>
    </failure>
  </testcase> <!-- getTotalStockValueTest -->
  <testcase classname="com.idrx.qa.testcases.VehicleStocksTest" name="accessoriesAndPartsValueTest" time="6.73">
    <failure type="java.lang.AssertionError" message="Accessories And Parts Value expected [6.30 L] but found [₹ 2.43 Cr]">
      <![CDATA[java.lang.AssertionError: Accessories And Parts Value expected [6.30 L] but found [₹ 2.43 Cr]
at com.idrx.qa.util.TestUtil.assertEquals(TestUtil.java:89)
at com.idrx.qa.testcases.VehicleStocksTest.accessoriesAndPartsValueTest(VehicleStocksTest.java:62)
at java.base/java.util.ArrayList.forEach(ArrayList.java:1596)
... Removed 34 stack frames]]>
    </failure>
  </testcase> <!-- accessoriesAndPartsValueTest -->
  <testcase classname="com.idrx.qa.testcases.VehicleStocksTest" name="greaterThan30DaysStocksUnitsTest" time="0.362">
    <failure type="java.lang.AssertionError" message="Greater Than 30 Days Stocks Units expected [35] but found [133]">
      <![CDATA[java.lang.AssertionError: Greater Than 30 Days Stocks Units expected [35] but found [133]
at com.idrx.qa.util.TestUtil.assertEquals(TestUtil.java:89)
at com.idrx.qa.testcases.VehicleStocksTest.greaterThan30DaysStocksUnitsTest(VehicleStocksTest.java:75)
at java.base/java.util.ArrayList.forEach(ArrayList.java:1596)
... Removed 34 stack frames]]>
    </failure>
  </testcase> <!-- greaterThan30DaysStocksUnitsTest -->
  <testcase classname="com.idrx.qa.testcases.VehicleStocksTest" name="greaterThan60DaysStocksUnitsTest" time="0.313">
    <failure type="java.lang.AssertionError" message="Greater Than 60 Days Stocks Units expected [35] but found [86]">
      <![CDATA[java.lang.AssertionError: Greater Than 60 Days Stocks Units expected [35] but found [86]
at com.idrx.qa.util.TestUtil.assertEquals(TestUtil.java:89)
at com.idrx.qa.testcases.VehicleStocksTest.greaterThan60DaysStocksUnitsTest(VehicleStocksTest.java:88)
at java.base/java.util.ArrayList.forEach(ArrayList.java:1596)
... Removed 34 stack frames]]>
    </failure>
  </testcase> <!-- greaterThan60DaysStocksUnitsTest -->
  <testcase classname="com.idrx.qa.testcases.VehicleStocksTest" name="greaterThan30DaysStockValueTest" time="0.283">
    <failure type="java.lang.AssertionError" message="Greater Than 30 Days Stocks Value expected [35] but found [₹ 15.28 Cr]">
      <![CDATA[java.lang.AssertionError: Greater Than 30 Days Stocks Value expected [35] but found [₹ 15.28 Cr]
at com.idrx.qa.util.TestUtil.assertEquals(TestUtil.java:89)
at com.idrx.qa.testcases.VehicleStocksTest.greaterThan30DaysStockValueTest(VehicleStocksTest.java:99)
at java.base/java.util.ArrayList.forEach(ArrayList.java:1596)
... Removed 34 stack frames]]>
    </failure>
  </testcase> <!-- greaterThan30DaysStockValueTest -->
  <testcase classname="com.idrx.qa.testcases.VehicleStocksTest" name="greaterThan60DaysStockValueTest" time="0.279">
    <failure type="java.lang.AssertionError" message="Greater Than 60 Days Stocks Value expected [35] but found [₹ 9.91 Cr]">
      <![CDATA[java.lang.AssertionError: Greater Than 60 Days Stocks Value expected [35] but found [₹ 9.91 Cr]
at com.idrx.qa.util.TestUtil.assertEquals(TestUtil.java:89)
at com.idrx.qa.testcases.VehicleStocksTest.greaterThan60DaysStockValueTest(VehicleStocksTest.java:110)
at java.base/java.util.ArrayList.forEach(ArrayList.java:1596)
... Removed 34 stack frames]]>
    </failure>
  </testcase> <!-- greaterThan60DaysStockValueTest -->
  <testcase classname="com.idrx.qa.testcases.VehicleStocksTest" name="currentMonthStockUnitsTest" time="2.523"/>
  <testcase classname="com.idrx.qa.testcases.VehicleStocksTest" name="lastMonthStockUnitsTest" time="2.936"/>
  <testcase classname="com.idrx.qa.testcases.VehicleStocksTest" name="currentMonthStockValueTest" time="2.927">
    <failure type="java.lang.AssertionError" message="Current Month Stock Value expected [33.2 Cr] but found [₹ 33.2 Cr]">
      <![CDATA[java.lang.AssertionError: Current Month Stock Value expected [33.2 Cr] but found [₹ 33.2 Cr]
at com.idrx.qa.util.TestUtil.assertEquals(TestUtil.java:89)
at com.idrx.qa.testcases.VehicleStocksTest.currentMonthStockValueTest(VehicleStocksTest.java:148)
at java.base/java.util.ArrayList.forEach(ArrayList.java:1596)
... Removed 34 stack frames]]>
    </failure>
  </testcase> <!-- currentMonthStockValueTest -->
  <testcase classname="com.idrx.qa.testcases.VehicleStocksTest" name="lastMonthStockValueTest" time="2.9">
    <failure type="java.lang.AssertionError" message="Last Month Stock Value expected [39.3 Cr] but found [₹ 39.3 Cr]">
      <![CDATA[java.lang.AssertionError: Last Month Stock Value expected [39.3 Cr] but found [₹ 39.3 Cr]
at com.idrx.qa.util.TestUtil.assertEquals(TestUtil.java:89)
at com.idrx.qa.testcases.VehicleStocksTest.lastMonthStockValueTest(VehicleStocksTest.java:159)
at java.base/java.util.ArrayList.forEach(ArrayList.java:1596)
... Removed 34 stack frames]]>
    </failure>
  </testcase> <!-- lastMonthStockValueTest -->
</testsuite> <!-- Surefire test -->
