<?xml version="1.0" encoding="UTF-8"?>
<!-- Generated by org.testng.reporters.JUnitXMLReporter -->
<testsuite ignored="0" hostname="I21097" failures="8" tests="8" name="Discount Test" time="25.836" errors="0" timestamp="2025-06-17T12:25:14 IST">
  <testcase classname="com.idrx.qa.testcases.DiscountPageTest" name="noOfDiscountUnitsTest" time="1.046">
    <failure type="java.lang.AssertionError" message="No. of Discount Units expected [35] but found [30]">
      <![CDATA[java.lang.AssertionError: No. of Discount Units expected [35] but found [30]
at com.idrx.qa.util.TestUtil.assertEquals(TestUtil.java:90)
at com.idrx.qa.testcases.DiscountPageTest.noOfDiscountUnitsTest(DiscountPageTest.java:52)
at java.base/java.util.ArrayList.forEach(ArrayList.java:1596)
... Removed 33 stack frames]]>
    </failure>
  </testcase> <!-- noOfDiscountUnitsTest -->
  <testcase classname="com.idrx.qa.testcases.DiscountPageTest" name="totalDiscountValueTest" time="0.331">
    <failure type="java.lang.AssertionError" message="Total Discount Value expected [₹ 4.79 Cr] but found [₹ 5.89 L]">
      <![CDATA[java.lang.AssertionError: Total Discount Value expected [₹ 4.79 Cr] but found [₹ 5.89 L]
at com.idrx.qa.util.TestUtil.assertEquals(TestUtil.java:90)
at com.idrx.qa.testcases.DiscountPageTest.totalDiscountValueTest(DiscountPageTest.java:63)
at java.base/java.util.ArrayList.forEach(ArrayList.java:1596)
... Removed 33 stack frames]]>
    </failure>
  </testcase> <!-- totalDiscountValueTest -->
  <testcase classname="com.idrx.qa.testcases.DiscountPageTest" name="totalDiscountQtyTest" time="0.337">
    <failure type="java.lang.AssertionError" message="Total Discount Qty expected [35] but found [30]">
      <![CDATA[java.lang.AssertionError: Total Discount Qty expected [35] but found [30]
at com.idrx.qa.util.TestUtil.assertEquals(TestUtil.java:90)
at com.idrx.qa.testcases.DiscountPageTest.totalDiscountQtyTest(DiscountPageTest.java:76)
at java.base/java.util.ArrayList.forEach(ArrayList.java:1596)
... Removed 33 stack frames]]>
    </failure>
  </testcase> <!-- totalDiscountQtyTest -->
  <testcase classname="com.idrx.qa.testcases.DiscountPageTest" name="totalDiscountAmountTest" time="0.372">
    <failure type="java.lang.AssertionError" message="Total Discount Amount expected [₹ 4.79 Cr] but found [₹ 5.89 L]">
      <![CDATA[java.lang.AssertionError: Total Discount Amount expected [₹ 4.79 Cr] but found [₹ 5.89 L]
at com.idrx.qa.util.TestUtil.assertEquals(TestUtil.java:90)
at com.idrx.qa.testcases.DiscountPageTest.totalDiscountAmountTest(DiscountPageTest.java:87)
at java.base/java.util.ArrayList.forEach(ArrayList.java:1596)
... Removed 33 stack frames]]>
    </failure>
  </testcase> <!-- totalDiscountAmountTest -->
  <testcase classname="com.idrx.qa.testcases.DiscountPageTest" name="currentMonthValueTest" time="0.322">
    <failure type="java.lang.AssertionError" message="Current Month Value expected [₹ 4.79 Cr] but found [₹ 5.89 L]">
      <![CDATA[java.lang.AssertionError: Current Month Value expected [₹ 4.79 Cr] but found [₹ 5.89 L]
at com.idrx.qa.util.TestUtil.assertEquals(TestUtil.java:90)
at com.idrx.qa.testcases.DiscountPageTest.currentMonthValueTest(DiscountPageTest.java:125)
at java.base/java.util.ArrayList.forEach(ArrayList.java:1596)
... Removed 33 stack frames]]>
    </failure>
  </testcase> <!-- currentMonthValueTest -->
  <testcase classname="com.idrx.qa.testcases.DiscountPageTest" name="previousMonthValueTest" time="0.351">
    <failure type="java.lang.AssertionError" message="Previous Month Value expected [₹ 4.79 Cr] but found [₹ 39.76 L]">
      <![CDATA[java.lang.AssertionError: Previous Month Value expected [₹ 4.79 Cr] but found [₹ 39.76 L]
at com.idrx.qa.util.TestUtil.assertEquals(TestUtil.java:90)
at com.idrx.qa.testcases.DiscountPageTest.previousMonthValueTest(DiscountPageTest.java:136)
at java.base/java.util.ArrayList.forEach(ArrayList.java:1596)
... Removed 33 stack frames]]>
    </failure>
  </testcase> <!-- previousMonthValueTest -->
  <testcase classname="com.idrx.qa.testcases.DiscountPageTest" name="currentMonthUnitsTest" time="3.711">
    <failure type="java.lang.AssertionError" message="Current Month Units expected [35] but found [30]">
      <![CDATA[java.lang.AssertionError: Current Month Units expected [35] but found [30]
at com.idrx.qa.util.TestUtil.assertEquals(TestUtil.java:90)
at com.idrx.qa.testcases.DiscountPageTest.currentMonthUnitsTest(DiscountPageTest.java:102)
at java.base/java.util.ArrayList.forEach(ArrayList.java:1596)
... Removed 33 stack frames]]>
    </failure>
  </testcase> <!-- currentMonthUnitsTest -->
  <testcase classname="com.idrx.qa.testcases.DiscountPageTest" name="previousMonthUnitsTest" time="0.314">
    <failure type="java.lang.AssertionError" message="Previous Month Units expected [35] but found [129]">
      <![CDATA[java.lang.AssertionError: Previous Month Units expected [35] but found [129]
at com.idrx.qa.util.TestUtil.assertEquals(TestUtil.java:90)
at com.idrx.qa.testcases.DiscountPageTest.previousMonthUnitsTest(DiscountPageTest.java:114)
at java.base/java.util.ArrayList.forEach(ArrayList.java:1596)
... Removed 33 stack frames]]>
    </failure>
  </testcase> <!-- previousMonthUnitsTest -->
</testsuite> <!-- Discount Test -->
