<?xml version="1.0" encoding="UTF-8"?>
<!-- Generated by org.testng.reporters.JUnitXMLReporter -->
<testsuite ignored="0" hostname="I21097" failures="7" tests="7" name="Finance Test" time="22.891" errors="0" timestamp="2025-06-17T12:25:37 IST">
  <testcase classname="com.idrx.qa.testcases.FinancePageTest" name="noOfFinanceQtyTest" time="1.157">
    <failure type="java.lang.AssertionError" message="No. of Finance Qty expected [35] but found [131]">
      <![CDATA[java.lang.AssertionError: No. of Finance Qty expected [35] but found [131]
at com.idrx.qa.util.TestUtil.assertEquals(TestUtil.java:90)
at com.idrx.qa.testcases.FinancePageTest.noOfFinanceQtyTest(FinancePageTest.java:54)
at java.base/java.util.ArrayList.forEach(ArrayList.java:1596)
... Removed 33 stack frames]]>
    </failure>
  </testcase> <!-- noOfFinanceQtyTest -->
  <testcase classname="com.idrx.qa.testcases.FinancePageTest" name="financePenetrationTest" time="0.376">
    <failure type="java.lang.AssertionError" message="Finance Penetration expected [35] but found [83.44%]">
      <![CDATA[java.lang.AssertionError: Finance Penetration expected [35] but found [83.44%]
at com.idrx.qa.util.TestUtil.assertEquals(TestUtil.java:90)
at com.idrx.qa.testcases.FinancePageTest.financePenetrationTest(FinancePageTest.java:65)
at java.base/java.util.ArrayList.forEach(ArrayList.java:1596)
... Removed 33 stack frames]]>
    </failure>
  </testcase> <!-- financePenetrationTest -->
  <testcase classname="com.idrx.qa.testcases.FinancePageTest" name="cashVsFinanceTotalTest" time="0.338">
    <failure type="java.lang.AssertionError" message="Cash vs Finance Total expected [35] but found [157]">
      <![CDATA[java.lang.AssertionError: Cash vs Finance Total expected [35] but found [157]
at com.idrx.qa.util.TestUtil.assertEquals(TestUtil.java:90)
at com.idrx.qa.testcases.FinancePageTest.cashVsFinanceTotalTest(FinancePageTest.java:78)
at java.base/java.util.ArrayList.forEach(ArrayList.java:1596)
... Removed 33 stack frames]]>
    </failure>
  </testcase> <!-- cashVsFinanceTotalTest -->
  <testcase classname="com.idrx.qa.testcases.FinancePageTest" name="currentMonthFinanceTrendTest" time="0.334">
    <failure type="java.lang.AssertionError" message="Current Month Finance Trend expected [35] but found [29]">
      <![CDATA[java.lang.AssertionError: Current Month Finance Trend expected [35] but found [29]
at com.idrx.qa.util.TestUtil.assertEquals(TestUtil.java:90)
at com.idrx.qa.testcases.FinancePageTest.currentMonthFinanceTrendTest(FinancePageTest.java:91)
at java.base/java.util.ArrayList.forEach(ArrayList.java:1596)
... Removed 33 stack frames]]>
    </failure>
  </testcase> <!-- currentMonthFinanceTrendTest -->
  <testcase classname="com.idrx.qa.testcases.FinancePageTest" name="previousMonthFinanceTrendTest" time="0.344">
    <failure type="java.lang.AssertionError" message="Previous Month Finance Trend expected [35] but found [141]">
      <![CDATA[java.lang.AssertionError: Previous Month Finance Trend expected [35] but found [141]
at com.idrx.qa.util.TestUtil.assertEquals(TestUtil.java:90)
at com.idrx.qa.testcases.FinancePageTest.previousMonthFinanceTrendTest(FinancePageTest.java:104)
at java.base/java.util.ArrayList.forEach(ArrayList.java:1596)
... Removed 33 stack frames]]>
    </failure>
  </testcase> <!-- previousMonthFinanceTrendTest -->
  <testcase classname="com.idrx.qa.testcases.FinancePageTest" name="currentMonthFinancePenetrationTrendTest" time="0.319">
    <failure type="java.lang.AssertionError" message="Current Month Finance Penetration Trend expected [35] but found [83%]">
      <![CDATA[java.lang.AssertionError: Current Month Finance Penetration Trend expected [35] but found [83%]
at com.idrx.qa.util.TestUtil.assertEquals(TestUtil.java:90)
at com.idrx.qa.testcases.FinancePageTest.currentMonthFinancePenetrationTrendTest(FinancePageTest.java:116)
at java.base/java.util.ArrayList.forEach(ArrayList.java:1596)
... Removed 33 stack frames]]>
    </failure>
  </testcase> <!-- currentMonthFinancePenetrationTrendTest -->
  <testcase classname="com.idrx.qa.testcases.FinancePageTest" name="previousMonthFinancePenetrationTrendTest" time="0.308">
    <failure type="java.lang.AssertionError" message="Previous Month Finance Penetration Trend expected [35] but found [83%]">
      <![CDATA[java.lang.AssertionError: Previous Month Finance Penetration Trend expected [35] but found [83%]
at com.idrx.qa.util.TestUtil.assertEquals(TestUtil.java:90)
at com.idrx.qa.testcases.FinancePageTest.previousMonthFinancePenetrationTrendTest(FinancePageTest.java:127)
at java.base/java.util.ArrayList.forEach(ArrayList.java:1596)
... Removed 33 stack frames]]>
    </failure>
  </testcase> <!-- previousMonthFinancePenetrationTrendTest -->
</testsuite> <!-- Finance Test -->
