<?xml version="1.0" encoding="UTF-8"?>
<!-- Generated by org.testng.reporters.JUnitXMLReporter -->
<testsuite ignored="8" hostname="I21097" failures="10" tests="12" name="Login Test" time="60.42" errors="0" timestamp="2025-05-19T15:14:56 IST">
  <testcase classname="com.idrx.qa.testcases.BookingsPageTest" name="bookingYesterdayTest" time="0.676"/>
  <testcase classname="com.idrx.qa.testcases.BookingsPageTest" name="bookingThisMonthTest" time="0.345">
    <failure type="java.lang.AssertionError" message="No of  Bookings This Month expected [67] but found [82]">
      <![CDATA[java.lang.AssertionError: No of  Bookings This Month expected [67] but found [82]
at com.idrx.qa.util.TestUtil.assertEquals(TestUtil.java:85)
at com.idrx.qa.testcases.BookingsPageTest.bookingThisMonthTest(BookingsPageTest.java:59)
at java.base/java.util.ArrayList.forEach(ArrayList.java:1596)
... Removed 33 stack frames]]>
    </failure>
  </testcase> <!-- bookingThisMonthTest -->
  <testcase classname="com.idrx.qa.testcases.BookingsPageTest" name="pendingBookingsTest" time="0.382">
    <failure type="java.lang.AssertionError" message="No of  Pending Bookings expected [0] but found [723]">
      <![CDATA[java.lang.AssertionError: No of  Pending Bookings expected [0] but found [723]
at com.idrx.qa.util.TestUtil.assertEquals(TestUtil.java:85)
at com.idrx.qa.testcases.BookingsPageTest.pendingBookingsTest(BookingsPageTest.java:69)
at java.base/java.util.ArrayList.forEach(ArrayList.java:1596)
... Removed 33 stack frames]]>
    </failure>
  </testcase> <!-- pendingBookingsTest -->
  <testcase classname="com.idrx.qa.testcases.BookingsPageTest" name="previousMonthTest" time="0.369">
    <failure type="java.lang.AssertionError" message="No of  Previous Month expected [137] but found [205]">
      <![CDATA[java.lang.AssertionError: No of  Previous Month expected [137] but found [205]
at com.idrx.qa.util.TestUtil.assertEquals(TestUtil.java:85)
at com.idrx.qa.testcases.BookingsPageTest.previousMonthTest(BookingsPageTest.java:79)
at java.base/java.util.ArrayList.forEach(ArrayList.java:1596)
... Removed 33 stack frames]]>
    </failure>
  </testcase> <!-- previousMonthTest -->
  <testcase classname="com.idrx.qa.testcases.BookingsPageTest" name="currentMonthTest" time="0.286">
    <failure type="java.lang.AssertionError" message="No of  Current Month expected [49] but found [82]">
      <![CDATA[java.lang.AssertionError: No of  Current Month expected [49] but found [82]
at com.idrx.qa.util.TestUtil.assertEquals(TestUtil.java:85)
at com.idrx.qa.testcases.BookingsPageTest.currentMonthTest(BookingsPageTest.java:89)
at java.base/java.util.ArrayList.forEach(ArrayList.java:1596)
... Removed 33 stack frames]]>
    </failure>
  </testcase> <!-- currentMonthTest -->
  <testcase classname="com.idrx.qa.testcases.BookingsPageTest" name="salesmanWisePendingBookingsTest" time="0.319">
    <failure type="java.lang.AssertionError" message="No of  Salesman Wise Pending Bookings expected [0] but found [723]">
      <![CDATA[java.lang.AssertionError: No of  Salesman Wise Pending Bookings expected [0] but found [723]
at com.idrx.qa.util.TestUtil.assertEquals(TestUtil.java:85)
at com.idrx.qa.testcases.BookingsPageTest.salesmanWisePendingBookingsTest(BookingsPageTest.java:99)
at java.base/java.util.ArrayList.forEach(ArrayList.java:1596)
... Removed 33 stack frames]]>
    </failure>
  </testcase> <!-- salesmanWisePendingBookingsTest -->
  <testcase classname="com.idrx.qa.testcases.DeliveryPageTest" name="deliveryYesterdayTest" time="0.326"/>
  <testcase classname="com.idrx.qa.testcases.DeliveryPageTest" name="deliveryThisMonthTest" time="0.347">
    <failure type="java.lang.AssertionError" message="No of Deliveries This Month expected [0] but found [85]">
      <![CDATA[java.lang.AssertionError: No of Deliveries This Month expected [0] but found [85]
at com.idrx.qa.util.TestUtil.assertEquals(TestUtil.java:85)
at com.idrx.qa.testcases.DeliveryPageTest.deliveryThisMonthTest(DeliveryPageTest.java:59)
at java.base/java.util.ArrayList.forEach(ArrayList.java:1596)
... Removed 33 stack frames]]>
    </failure>
  </testcase> <!-- deliveryThisMonthTest -->
  <testcase classname="com.idrx.qa.testcases.DeliveryPageTest" name="deliveryPendingTest" time="0.306">
    <failure type="java.lang.AssertionError" message="No of Pending Deliveries expected [0] but found [61]">
      <![CDATA[java.lang.AssertionError: No of Pending Deliveries expected [0] but found [61]
at com.idrx.qa.util.TestUtil.assertEquals(TestUtil.java:85)
at com.idrx.qa.testcases.DeliveryPageTest.deliveryPendingTest(DeliveryPageTest.java:69)
at java.base/java.util.ArrayList.forEach(ArrayList.java:1596)
... Removed 33 stack frames]]>
    </failure>
  </testcase> <!-- deliveryPendingTest -->
  <testcase classname="com.idrx.qa.testcases.DeliveryPageTest" name="deliveryPreviousMonthTest" time="0.411">
    <failure type="java.lang.AssertionError" message="No of Deliveries Previous Month expected [137] but found [225]">
      <![CDATA[java.lang.AssertionError: No of Deliveries Previous Month expected [137] but found [225]
at com.idrx.qa.util.TestUtil.assertEquals(TestUtil.java:85)
at com.idrx.qa.testcases.DeliveryPageTest.deliveryPreviousMonthTest(DeliveryPageTest.java:79)
at java.base/java.util.ArrayList.forEach(ArrayList.java:1596)
... Removed 33 stack frames]]>
    </failure>
  </testcase> <!-- deliveryPreviousMonthTest -->
  <testcase classname="com.idrx.qa.testcases.DeliveryPageTest" name="deliveryCurrentMonthTest" time="0.333">
    <failure type="java.lang.AssertionError" message="No of Deliveries Current Month expected [49] but found [85]">
      <![CDATA[java.lang.AssertionError: No of Deliveries Current Month expected [49] but found [85]
at com.idrx.qa.util.TestUtil.assertEquals(TestUtil.java:85)
at com.idrx.qa.testcases.DeliveryPageTest.deliveryCurrentMonthTest(DeliveryPageTest.java:89)
at java.base/java.util.ArrayList.forEach(ArrayList.java:1596)
... Removed 33 stack frames]]>
    </failure>
  </testcase> <!-- deliveryCurrentMonthTest -->
  <testcase classname="com.idrx.qa.testcases.DeliveryPageTest" name="deliverySalesmanWisePendingTest" time="0.403">
    <failure type="java.lang.AssertionError" message="No of Salesman Wise Pending Deliveries expected [0] but found [61]">
      <![CDATA[java.lang.AssertionError: No of Salesman Wise Pending Deliveries expected [0] but found [61]
at com.idrx.qa.util.TestUtil.assertEquals(TestUtil.java:85)
at com.idrx.qa.testcases.DeliveryPageTest.deliverySalesmanWisePendingTest(DeliveryPageTest.java:99)
at java.base/java.util.ArrayList.forEach(ArrayList.java:1596)
... Removed 33 stack frames]]>
    </failure>
  </testcase> <!-- deliverySalesmanWisePendingTest -->
  <testcase classname="com.idrx.qa.testcases.LoginPageTest" name="vehicleBookedYesterdayTest" time="0.0">
    <ignored/>
  </testcase> <!-- vehicleBookedYesterdayTest -->
  <testcase classname="com.idrx.qa.testcases.LoginPageTest" name="vehicleInvoicedYesterdayTest" time="0.0">
    <ignored/>
  </testcase> <!-- vehicleInvoicedYesterdayTest -->
  <testcase classname="com.idrx.qa.testcases.LoginPageTest" name="currentMonthTest" time="0.0">
    <ignored/>
  </testcase> <!-- currentMonthTest -->
  <testcase classname="com.idrx.qa.testcases.LoginPageTest" name="vehicleSoldTest" time="0.0">
    <ignored/>
  </testcase> <!-- vehicleSoldTest -->
  <testcase classname="com.idrx.qa.testcases.LoginPageTest" name="vehicleInvoicedThisMonthTest" time="0.0">
    <ignored/>
  </testcase> <!-- vehicleInvoicedThisMonthTest -->
  <testcase classname="com.idrx.qa.testcases.LoginPageTest" name="marchMonthSalesTrendTest" time="0.0">
    <ignored/>
  </testcase> <!-- marchMonthSalesTrendTest -->
  <testcase classname="com.idrx.qa.testcases.LoginPageTest" name="vehicleInvoicedButNotDeliveredTest" time="0.0">
    <ignored/>
  </testcase> <!-- vehicleInvoicedButNotDeliveredTest -->
  <testcase classname="com.idrx.qa.testcases.LoginPageTest" name="vehicleSalesTest" time="0.0">
    <ignored/>
  </testcase> <!-- vehicleSalesTest -->
</testsuite> <!-- Login Test -->
