<?xml version="1.0" encoding="UTF-8"?>
<!-- Generated by org.testng.reporters.JUnitXMLReporter -->
<testsuite ignored="0" hostname="I21097" failures="2" tests="4" name="Parts Sales Test" time="20.778" errors="0" timestamp="2025-06-17T12:25:58 IST">
  <testcase classname="com.idrx.qa.testcases.PartsSalesTest" name="noofQtyTest" time="1.191">
    <failure type="java.lang.AssertionError" message="No of Qty expected [31907] but found [31908]">
      <![CDATA[java.lang.AssertionError: No of Qty expected [31907] but found [31908]
at com.idrx.qa.util.TestUtil.assertEquals(TestUtil.java:90)
at com.idrx.qa.testcases.PartsSalesTest.noofQtyTest(PartsSalesTest.java:49)
at java.base/java.util.ArrayList.forEach(ArrayList.java:1596)
... Removed 33 stack frames]]>
    </failure>
  </testcase> <!-- noofQtyTest -->
  <testcase classname="com.idrx.qa.testcases.PartsSalesTest" name="partsSalesTest" time="0.444">
    <failure type="java.lang.AssertionError" message="Parts Sales expected [₹ 1.5 Cr] but found [₹1.5 Cr]">
      <![CDATA[java.lang.AssertionError: Parts Sales expected [₹ 1.5 Cr] but found [₹1.5 Cr]
at com.idrx.qa.util.TestUtil.assertEquals(TestUtil.java:90)
at com.idrx.qa.testcases.PartsSalesTest.partsSalesTest(PartsSalesTest.java:60)
at java.base/java.util.ArrayList.forEach(ArrayList.java:1596)
... Removed 33 stack frames]]>
    </failure>
  </testcase> <!-- partsSalesTest -->
  <testcase classname="com.idrx.qa.testcases.PartsSalesTest" name="thisMonthTest" time="0.467"/>
  <testcase classname="com.idrx.qa.testcases.PartsSalesTest" name="previousMonthTest" time="0.422"/>
</testsuite> <!-- Parts Sales Test -->
