<?xml version="1.0" encoding="UTF-8"?>
<!-- Generated by org.testng.reporters.JUnitXMLReporter -->
<testsuite ignored="0" hostname="I21097" failures="6" tests="6" name="BookingsPageTest" time="21.581" errors="0" timestamp="2025-05-20T15:41:49 IST">
  <testcase classname="com.idrx.qa.testcases.DeliveryPageTest" name="deliveryYesterdayTest" time="1.218">
    <failure type="java.lang.AssertionError" message="No of Deliveries Yesterday expected [0] but found [4]">
      <![CDATA[java.lang.AssertionError: No of Deliveries Yesterday expected [0] but found [4]
at com.idrx.qa.util.TestUtil.assertEquals(TestUtil.java:85)
at com.idrx.qa.testcases.DeliveryPageTest.deliveryYesterdayTest(DeliveryPageTest.java:51)
at java.base/java.util.ArrayList.forEach(ArrayList.java:1596)
... Removed 33 stack frames]]>
    </failure>
  </testcase> <!-- deliveryYesterdayTest -->
  <testcase classname="com.idrx.qa.testcases.DeliveryPageTest" name="deliveryThisMonthTest" time="0.406">
    <failure type="java.lang.AssertionError" message="No of Deliveries This Month expected [0] but found [89]">
      <![CDATA[java.lang.AssertionError: No of Deliveries This Month expected [0] but found [89]
at com.idrx.qa.util.TestUtil.assertEquals(TestUtil.java:85)
at com.idrx.qa.testcases.DeliveryPageTest.deliveryThisMonthTest(DeliveryPageTest.java:61)
at java.base/java.util.ArrayList.forEach(ArrayList.java:1596)
... Removed 33 stack frames]]>
    </failure>
  </testcase> <!-- deliveryThisMonthTest -->
  <testcase classname="com.idrx.qa.testcases.DeliveryPageTest" name="deliveryPendingTest" time="0.327">
    <failure type="java.lang.AssertionError" message="No of Pending Deliveries expected [0] but found [61]">
      <![CDATA[java.lang.AssertionError: No of Pending Deliveries expected [0] but found [61]
at com.idrx.qa.util.TestUtil.assertEquals(TestUtil.java:85)
at com.idrx.qa.testcases.DeliveryPageTest.deliveryPendingTest(DeliveryPageTest.java:71)
at java.base/java.util.ArrayList.forEach(ArrayList.java:1596)
... Removed 33 stack frames]]>
    </failure>
  </testcase> <!-- deliveryPendingTest -->
  <testcase classname="com.idrx.qa.testcases.DeliveryPageTest" name="deliveryPreviousMonthTest" time="0.268">
    <failure type="java.lang.AssertionError" message="No of Deliveries Previous Month expected [205] but found [225]">
      <![CDATA[java.lang.AssertionError: No of Deliveries Previous Month expected [205] but found [225]
at com.idrx.qa.util.TestUtil.assertEquals(TestUtil.java:85)
at com.idrx.qa.testcases.DeliveryPageTest.deliveryPreviousMonthTest(DeliveryPageTest.java:81)
at java.base/java.util.ArrayList.forEach(ArrayList.java:1596)
... Removed 33 stack frames]]>
    </failure>
  </testcase> <!-- deliveryPreviousMonthTest -->
  <testcase classname="com.idrx.qa.testcases.DeliveryPageTest" name="deliveryCurrentMonthTest" time="0.258">
    <failure type="java.lang.AssertionError" message="No of Deliveries Current Month expected [53] but found [89]">
      <![CDATA[java.lang.AssertionError: No of Deliveries Current Month expected [53] but found [89]
at com.idrx.qa.util.TestUtil.assertEquals(TestUtil.java:85)
at com.idrx.qa.testcases.DeliveryPageTest.deliveryCurrentMonthTest(DeliveryPageTest.java:91)
at java.base/java.util.ArrayList.forEach(ArrayList.java:1596)
... Removed 33 stack frames]]>
    </failure>
  </testcase> <!-- deliveryCurrentMonthTest -->
  <testcase classname="com.idrx.qa.testcases.DeliveryPageTest" name="deliverySalesmanWisePendingTest" time="0.275">
    <failure type="java.lang.AssertionError" message="No of Salesman Wise Pending Deliveries expected [0] but found [61]">
      <![CDATA[java.lang.AssertionError: No of Salesman Wise Pending Deliveries expected [0] but found [61]
at com.idrx.qa.util.TestUtil.assertEquals(TestUtil.java:85)
at com.idrx.qa.testcases.DeliveryPageTest.deliverySalesmanWisePendingTest(DeliveryPageTest.java:101)
at java.base/java.util.ArrayList.forEach(ArrayList.java:1596)
... Removed 33 stack frames]]>
    </failure>
  </testcase> <!-- deliverySalesmanWisePendingTest -->
</testsuite> <!-- BookingsPageTest -->
