<?xml version="1.0" encoding="UTF-8"?>
<!-- Generated by org.testng.reporters.JUnitXMLReporter -->
<testsuite ignored="0" hostname="I21097" failures="13" tests="20" name="CustomOrderTests" time="72.416" errors="0" timestamp="2025-05-20T12:54:44 IST">
  <testcase classname="com.idrx.qa.testcases.LoginPageTest" name="vehicleSoldTest" time="3.248">
    <failure type="java.lang.AssertionError" message="Vehicle Sold expected [41] but found [53]">
      <![CDATA[java.lang.AssertionError: Vehicle Sold expected [41] but found [53]
at com.idrx.qa.util.TestUtil.assertEquals(TestUtil.java:85)
at com.idrx.qa.testcases.LoginPageTest.vehicleSoldTest(LoginPageTest.java:49)
at java.base/java.util.ArrayList.forEach(ArrayList.java:1596)
... Removed 33 stack frames]]>
    </failure>
  </testcase> <!-- vehicleSoldTest -->
  <testcase classname="com.idrx.qa.testcases.LoginPageTest" name="vehicleSalesTest" time="0.654">
    <failure type="java.lang.AssertionError" message="Vehicle Sales expected [₹ 6.20 Cr] but found [₹ 7.67 Cr]">
      <![CDATA[java.lang.AssertionError: Vehicle Sales expected [₹ 6.20 Cr] but found [₹ 7.67 Cr]
at com.idrx.qa.util.TestUtil.assertEquals(TestUtil.java:85)
at com.idrx.qa.testcases.LoginPageTest.vehicleSalesTest(LoginPageTest.java:60)
at java.base/java.util.ArrayList.forEach(ArrayList.java:1596)
... Removed 33 stack frames]]>
    </failure>
  </testcase> <!-- vehicleSalesTest -->
  <testcase classname="com.idrx.qa.testcases.LoginPageTest" name="vehicleBookedYesterdayTest" time="0.677"/>
  <testcase classname="com.idrx.qa.testcases.LoginPageTest" name="vehicleInvoicedYesterdayTest" time="0.596"/>
  <testcase classname="com.idrx.qa.testcases.LoginPageTest" name="vehicleInvoicedThisMonthTest" time="0.667"/>
  <testcase classname="com.idrx.qa.testcases.LoginPageTest" name="vehicleInvoicedButNotDeliveredTest" time="0.687"/>
  <testcase classname="com.idrx.qa.testcases.LoginPageTest" name="currentMonthTest" time="0.662"/>
  <testcase classname="com.idrx.qa.testcases.LoginPageTest" name="marchMonthSalesTrendTest" time="0.52"/>
  <testcase classname="com.idrx.qa.testcases.BookingsPageTest" name="bookingYesterdayTest" time="0.532"/>
  <testcase classname="com.idrx.qa.testcases.BookingsPageTest" name="bookingThisMonthTest" time="0.66">
    <failure type="java.lang.AssertionError" message="No of  Bookings This Month expected [71] but found [86]">
      <![CDATA[java.lang.AssertionError: No of  Bookings This Month expected [71] but found [86]
at com.idrx.qa.util.TestUtil.assertEquals(TestUtil.java:85)
at com.idrx.qa.testcases.BookingsPageTest.bookingThisMonthTest(BookingsPageTest.java:59)
at java.base/java.util.ArrayList.forEach(ArrayList.java:1596)
... Removed 33 stack frames]]>
    </failure>
  </testcase> <!-- bookingThisMonthTest -->
  <testcase classname="com.idrx.qa.testcases.BookingsPageTest" name="pendingBookingsTest" time="0.566">
    <failure type="java.lang.AssertionError" message="No of  Pending Bookings expected [0] but found [723]">
      <![CDATA[java.lang.AssertionError: No of  Pending Bookings expected [0] but found [723]
at com.idrx.qa.util.TestUtil.assertEquals(TestUtil.java:85)
at com.idrx.qa.testcases.BookingsPageTest.pendingBookingsTest(BookingsPageTest.java:69)
at java.base/java.util.ArrayList.forEach(ArrayList.java:1596)
... Removed 33 stack frames]]>
    </failure>
  </testcase> <!-- pendingBookingsTest -->
  <testcase classname="com.idrx.qa.testcases.BookingsPageTest" name="previousMonthTest" time="0.507">
    <failure type="java.lang.AssertionError" message="No of  Previous Month expected [137] but found [205]">
      <![CDATA[java.lang.AssertionError: No of  Previous Month expected [137] but found [205]
at com.idrx.qa.util.TestUtil.assertEquals(TestUtil.java:85)
at com.idrx.qa.testcases.BookingsPageTest.previousMonthTest(BookingsPageTest.java:79)
at java.base/java.util.ArrayList.forEach(ArrayList.java:1596)
... Removed 33 stack frames]]>
    </failure>
  </testcase> <!-- previousMonthTest -->
  <testcase classname="com.idrx.qa.testcases.BookingsPageTest" name="currentMonthTest" time="0.564">
    <failure type="java.lang.AssertionError" message="No of  Current Month expected [53] but found [86]">
      <![CDATA[java.lang.AssertionError: No of  Current Month expected [53] but found [86]
at com.idrx.qa.util.TestUtil.assertEquals(TestUtil.java:85)
at com.idrx.qa.testcases.BookingsPageTest.currentMonthTest(BookingsPageTest.java:89)
at java.base/java.util.ArrayList.forEach(ArrayList.java:1596)
... Removed 33 stack frames]]>
    </failure>
  </testcase> <!-- currentMonthTest -->
  <testcase classname="com.idrx.qa.testcases.BookingsPageTest" name="salesmanWisePendingBookingsTest" time="0.485">
    <failure type="java.lang.AssertionError" message="No of  Salesman Wise Pending Bookings expected [0] but found [723]">
      <![CDATA[java.lang.AssertionError: No of  Salesman Wise Pending Bookings expected [0] but found [723]
at com.idrx.qa.util.TestUtil.assertEquals(TestUtil.java:85)
at com.idrx.qa.testcases.BookingsPageTest.salesmanWisePendingBookingsTest(BookingsPageTest.java:99)
at java.base/java.util.ArrayList.forEach(ArrayList.java:1596)
... Removed 33 stack frames]]>
    </failure>
  </testcase> <!-- salesmanWisePendingBookingsTest -->
  <testcase classname="com.idrx.qa.testcases.DeliveryPageTest" name="deliveryYesterdayTest" time="0.65">
    <failure type="java.lang.AssertionError" message="No of Deliveries Yesterday expected [0] but found [4]">
      <![CDATA[java.lang.AssertionError: No of Deliveries Yesterday expected [0] but found [4]
at com.idrx.qa.util.TestUtil.assertEquals(TestUtil.java:85)
at com.idrx.qa.testcases.DeliveryPageTest.deliveryYesterdayTest(DeliveryPageTest.java:49)
at java.base/java.util.ArrayList.forEach(ArrayList.java:1596)
... Removed 33 stack frames]]>
    </failure>
  </testcase> <!-- deliveryYesterdayTest -->
  <testcase classname="com.idrx.qa.testcases.DeliveryPageTest" name="deliveryThisMonthTest" time="0.362">
    <failure type="java.lang.AssertionError" message="No of Deliveries This Month expected [0] but found [89]">
      <![CDATA[java.lang.AssertionError: No of Deliveries This Month expected [0] but found [89]
at com.idrx.qa.util.TestUtil.assertEquals(TestUtil.java:85)
at com.idrx.qa.testcases.DeliveryPageTest.deliveryThisMonthTest(DeliveryPageTest.java:59)
at java.base/java.util.ArrayList.forEach(ArrayList.java:1596)
... Removed 33 stack frames]]>
    </failure>
  </testcase> <!-- deliveryThisMonthTest -->
  <testcase classname="com.idrx.qa.testcases.DeliveryPageTest" name="deliveryPendingTest" time="0.327">
    <failure type="java.lang.AssertionError" message="No of Pending Deliveries expected [0] but found [61]">
      <![CDATA[java.lang.AssertionError: No of Pending Deliveries expected [0] but found [61]
at com.idrx.qa.util.TestUtil.assertEquals(TestUtil.java:85)
at com.idrx.qa.testcases.DeliveryPageTest.deliveryPendingTest(DeliveryPageTest.java:69)
at java.base/java.util.ArrayList.forEach(ArrayList.java:1596)
... Removed 33 stack frames]]>
    </failure>
  </testcase> <!-- deliveryPendingTest -->
  <testcase classname="com.idrx.qa.testcases.DeliveryPageTest" name="deliveryPreviousMonthTest" time="0.38">
    <failure type="java.lang.AssertionError" message="No of Deliveries Previous Month expected [137] but found [225]">
      <![CDATA[java.lang.AssertionError: No of Deliveries Previous Month expected [137] but found [225]
at com.idrx.qa.util.TestUtil.assertEquals(TestUtil.java:85)
at com.idrx.qa.testcases.DeliveryPageTest.deliveryPreviousMonthTest(DeliveryPageTest.java:79)
at java.base/java.util.ArrayList.forEach(ArrayList.java:1596)
... Removed 33 stack frames]]>
    </failure>
  </testcase> <!-- deliveryPreviousMonthTest -->
  <testcase classname="com.idrx.qa.testcases.DeliveryPageTest" name="deliveryCurrentMonthTest" time="0.351">
    <failure type="java.lang.AssertionError" message="No of Deliveries Current Month expected [53] but found [89]">
      <![CDATA[java.lang.AssertionError: No of Deliveries Current Month expected [53] but found [89]
at com.idrx.qa.util.TestUtil.assertEquals(TestUtil.java:85)
at com.idrx.qa.testcases.DeliveryPageTest.deliveryCurrentMonthTest(DeliveryPageTest.java:89)
at java.base/java.util.ArrayList.forEach(ArrayList.java:1596)
... Removed 33 stack frames]]>
    </failure>
  </testcase> <!-- deliveryCurrentMonthTest -->
  <testcase classname="com.idrx.qa.testcases.DeliveryPageTest" name="deliverySalesmanWisePendingTest" time="0.295">
    <failure type="java.lang.AssertionError" message="No of Salesman Wise Pending Deliveries expected [0] but found [61]">
      <![CDATA[java.lang.AssertionError: No of Salesman Wise Pending Deliveries expected [0] but found [61]
at com.idrx.qa.util.TestUtil.assertEquals(TestUtil.java:85)
at com.idrx.qa.testcases.DeliveryPageTest.deliverySalesmanWisePendingTest(DeliveryPageTest.java:99)
at java.base/java.util.ArrayList.forEach(ArrayList.java:1596)
... Removed 33 stack frames]]>
    </failure>
  </testcase> <!-- deliverySalesmanWisePendingTest -->
</testsuite> <!-- CustomOrderTests -->
