<?xml version="1.0" encoding="UTF-8"?>
<!-- Generated by org.testng.reporters.JUnitXMLReporter -->
<testsuite ignored="0" hostname="I21097" failures="2" tests="8" name="LoginPageTest" time="22.251" errors="0" timestamp="2025-05-20T15:41:28 IST">
  <testcase classname="com.idrx.qa.testcases.LoginPageTest" name="vehicleSoldTest" time="2.645">
    <failure type="java.lang.AssertionError" message="Vehicle Sold expected [41] but found [53]">
      <![CDATA[java.lang.AssertionError: Vehicle Sold expected [41] but found [53]
at com.idrx.qa.util.TestUtil.assertEquals(TestUtil.java:85)
at com.idrx.qa.testcases.LoginPageTest.vehicleSoldTest(LoginPageTest.java:49)
at java.base/java.util.ArrayList.forEach(ArrayList.java:1596)
... Removed 33 stack frames]]>
    </failure>
  </testcase> <!-- vehicleSoldTest -->
  <testcase classname="com.idrx.qa.testcases.LoginPageTest" name="vehicleSalesTest" time="0.278">
    <failure type="java.lang.AssertionError" message="Vehicle Sales expected [₹ 6.20 Cr] but found [₹ 7.67 Cr]">
      <![CDATA[java.lang.AssertionError: Vehicle Sales expected [₹ 6.20 Cr] but found [₹ 7.67 Cr]
at com.idrx.qa.util.TestUtil.assertEquals(TestUtil.java:85)
at com.idrx.qa.testcases.LoginPageTest.vehicleSalesTest(LoginPageTest.java:60)
at java.base/java.util.ArrayList.forEach(ArrayList.java:1596)
... Removed 33 stack frames]]>
    </failure>
  </testcase> <!-- vehicleSalesTest -->
  <testcase classname="com.idrx.qa.testcases.LoginPageTest" name="vehicleBookedYesterdayTest" time="0.286"/>
  <testcase classname="com.idrx.qa.testcases.LoginPageTest" name="vehicleInvoicedYesterdayTest" time="0.287"/>
  <testcase classname="com.idrx.qa.testcases.LoginPageTest" name="vehicleInvoicedThisMonthTest" time="0.264"/>
  <testcase classname="com.idrx.qa.testcases.LoginPageTest" name="vehicleInvoicedButNotDeliveredTest" time="0.302"/>
  <testcase classname="com.idrx.qa.testcases.LoginPageTest" name="currentMonthTest" time="0.285"/>
  <testcase classname="com.idrx.qa.testcases.LoginPageTest" name="marchMonthSalesTrendTest" time="0.274"/>
</testsuite> <!-- LoginPageTest -->
