<?xml version="1.0" encoding="UTF-8"?>
<!-- Generated by org.testng.reporters.JUnitXMLReporter -->
<testsuite ignored="1" hostname="I21097" failures="4" tests="7" name="Surefire test" time="18.109" errors="0" timestamp="2025-05-13T18:38:18 IST">
  <testcase classname="com.idrx.qa.testcases.LoginPageTest" name="vehicleSoldTest" time="2.432"/>
  <testcase classname="com.idrx.qa.testcases.LoginPageTest" name="vehicleBookedYesterdayTest" time="0.201">
    <failure type="org.postgresql.util.PSQLException" message="The column name net_qty was not found in this ResultSet.">
      <![CDATA[org.postgresql.util.PSQLException: The column name net_qty was not found in this ResultSet.
at org.postgresql.jdbc.PgResultSet.findColumn(PgResultSet.java:3085)
at org.postgresql.jdbc.PgResultSet.getString(PgResultSet.java:2921)
at com.idrx.qa.util.DBUtil.getExpectedValue(DBUtil.java:16)
at com.idrx.qa.util.DBUtil.vehicleBookedYesterdayTestDBValue(DBUtil.java:47)
at com.idrx.qa.testcases.LoginPageTest.vehicleBookedYesterdayTest(LoginPageTest.java:64)
at java.base/java.util.ArrayList.forEach(ArrayList.java:1596)
... Removed 30 stack frames]]>
    </failure>
  </testcase> <!-- vehicleBookedYesterdayTest -->
  <testcase classname="com.idrx.qa.testcases.LoginPageTest" name="vehicleInvoicedYesterdayTest" time="0.174">
    <failure type="org.postgresql.util.PSQLException" message="The column name net_qty was not found in this ResultSet.">
      <![CDATA[org.postgresql.util.PSQLException: The column name net_qty was not found in this ResultSet.
at org.postgresql.jdbc.PgResultSet.findColumn(PgResultSet.java:3085)
at org.postgresql.jdbc.PgResultSet.getString(PgResultSet.java:2921)
at com.idrx.qa.util.DBUtil.getExpectedValue(DBUtil.java:16)
at com.idrx.qa.util.DBUtil.vehicleInvoicedYesterdayTestDBValue(DBUtil.java:54)
at com.idrx.qa.testcases.LoginPageTest.vehicleInvoicedYesterdayTest(LoginPageTest.java:75)
at java.base/java.util.ArrayList.forEach(ArrayList.java:1596)
... Removed 30 stack frames]]>
    </failure>
  </testcase> <!-- vehicleInvoicedYesterdayTest -->
  <testcase classname="com.idrx.qa.testcases.LoginPageTest" name="vehicleInvoicedThisMonthTest" time="0.177">
    <failure type="org.postgresql.util.PSQLException" message="The column name net_qty was not found in this ResultSet.">
      <![CDATA[org.postgresql.util.PSQLException: The column name net_qty was not found in this ResultSet.
at org.postgresql.jdbc.PgResultSet.findColumn(PgResultSet.java:3085)
at org.postgresql.jdbc.PgResultSet.getString(PgResultSet.java:2921)
at com.idrx.qa.util.DBUtil.getExpectedValue(DBUtil.java:16)
at com.idrx.qa.util.DBUtil.vehicleInvoicedThisMonthTestDBValue(DBUtil.java:61)
at com.idrx.qa.testcases.LoginPageTest.vehicleInvoicedThisMonthTest(LoginPageTest.java:86)
at java.base/java.util.ArrayList.forEach(ArrayList.java:1596)
... Removed 30 stack frames]]>
    </failure>
  </testcase> <!-- vehicleInvoicedThisMonthTest -->
  <testcase classname="com.idrx.qa.testcases.LoginPageTest" name="vehicleInvoicedButNotDeliveredTest" time="0.176">
    <failure type="org.postgresql.util.PSQLException" message="The column name net_qty was not found in this ResultSet.">
      <![CDATA[org.postgresql.util.PSQLException: The column name net_qty was not found in this ResultSet.
at org.postgresql.jdbc.PgResultSet.findColumn(PgResultSet.java:3085)
at org.postgresql.jdbc.PgResultSet.getString(PgResultSet.java:2921)
at com.idrx.qa.util.DBUtil.getExpectedValue(DBUtil.java:16)
at com.idrx.qa.util.DBUtil.vehicleInvoicedButNotDeliveredTestDBValue(DBUtil.java:68)
at com.idrx.qa.testcases.LoginPageTest.vehicleInvoicedButNotDeliveredTest(LoginPageTest.java:97)
at java.base/java.util.ArrayList.forEach(ArrayList.java:1596)
... Removed 30 stack frames]]>
    </failure>
  </testcase> <!-- vehicleInvoicedButNotDeliveredTest -->
  <testcase classname="com.idrx.qa.testcases.LoginPageTest" name="currentMonthTest" time="0.204"/>
  <testcase classname="com.idrx.qa.testcases.LoginPageTest" name="marchMonthSalesTrendTest" time="0.201"/>
  <testcase classname="com.idrx.qa.testcases.LoginPageTest" name="vehicleSalesTest" time="0.0">
    <ignored/>
  </testcase> <!-- vehicleSalesTest -->
</testsuite> <!-- Surefire test -->
